<?xml version="1.0" encoding="UTF-8"?>
<!-- Generated by org.testng.reporters.JUnitReportReporter -->
<testsuite hostname="HR-PC" name="com.webtek.test.SanityClass" tests="1" failures="0" timestamp="26 Apr 2015 09:59:28 GMT" time="19.143" errors="0">
  <testcase name="signInPage" time="19.143" classname="com.webtek.test.SanityClass"/>
</testsuite> <!-- com.webtek.test.SanityClass -->
