<?xml version="1.0" encoding="UTF-8"?>
<!-- Generated by org.testng.reporters.JUnitReportReporter -->
<testsuite hostname="HR-PC" name="com.webtek.test.PageObjectSession" tests="1" failures="0" timestamp="26 Apr 2015 07:30:21 GMT" time="22.263" errors="0">
  <testcase name="signInPage" time="22.263" classname="com.webtek.test.PageObjectSession"/>
</testsuite> <!-- com.webtek.test.PageObjectSession -->
